app/build/intermediates/manifest_merge_blame_file/debug/manifest-merger-blame-debug-report.txt
1<?xml version="1.0" encoding="utf-8"?>
2<manifest xmlns:android="http://schemas.android.com/apk/res/android"
3    package="com.bibliotekUser"
4    android:versionCode="1"
5    android:versionName="1.0" >
6
7    <uses-sdk
8        android:minSdkVersion="26"
8-->src\main\AndroidManifest.xml
9        android:targetSdkVersion="30" />
9-->src\main\AndroidManifest.xml
10
11    <uses-permission android:name="android.permission.INTERNET" />
11-->src\main\AndroidManifest.xml:5:5-67
11-->src\main\AndroidManifest.xml:5:22-64
12    <uses-permission android:name="android.permission.CAMERA" />
12-->src\main\AndroidManifest.xml:6:5-65
12-->src\main\AndroidManifest.xml:6:22-62
13    <uses-permission android:name="android.permission.READ_EXTERNAL_STORAGE" />
13-->src\main\AndroidManifest.xml:7:5-79
13-->src\main\AndroidManifest.xml:7:22-77
14    <uses-permission android:name="android.permission.WRITE_EXTERNAL_STORAGE" />
14-->src\main\AndroidManifest.xml:8:5-80
14-->src\main\AndroidManifest.xml:8:22-78
15    <uses-permission android:name="android.permission.ACCESS_COARSE_LOCATION" />
15-->[com.mapbox.mapboxsdk:mapbox-android-navigation:0.42.6] AndroidManifest.xml:9:5-81
15-->[com.mapbox.mapboxsdk:mapbox-android-navigation:0.42.6] AndroidManifest.xml:9:22-78
16    <uses-permission android:name="android.permission.ACCESS_FINE_LOCATION" />
16-->[com.mapbox.mapboxsdk:mapbox-android-navigation:0.42.6] AndroidManifest.xml:10:5-79
16-->[com.mapbox.mapboxsdk:mapbox-android-navigation:0.42.6] AndroidManifest.xml:10:22-76
17    <uses-permission android:name="android.permission.FOREGROUND_SERVICE" />
17-->[com.mapbox.mapboxsdk:mapbox-android-navigation:0.42.6] AndroidManifest.xml:11:5-77
17-->[com.mapbox.mapboxsdk:mapbox-android-navigation:0.42.6] AndroidManifest.xml:11:22-74
18    <uses-permission android:name="android.permission.ACCESS_NETWORK_STATE" />
18-->[com.google.firebase:firebase-storage:16.0.4] AndroidManifest.xml:23:5-79
18-->[com.google.firebase:firebase-storage:16.0.4] AndroidManifest.xml:23:22-76
19    <uses-permission android:name="android.permission.WAKE_LOCK" /> <!-- Required by older versions of Google Play services to create IID tokens -->
19-->[com.google.firebase:firebase-iid:17.0.4] AndroidManifest.xml:24:5-68
19-->[com.google.firebase:firebase-iid:17.0.4] AndroidManifest.xml:24:22-65
20    <uses-permission android:name="com.google.android.c2dm.permission.RECEIVE" />
20-->[com.google.firebase:firebase-iid:17.0.4] AndroidManifest.xml:26:5-82
20-->[com.google.firebase:firebase-iid:17.0.4] AndroidManifest.xml:26:22-79
21
22    <uses-feature
22-->[com.mapbox.mapboxsdk:mapbox-android-sdk:9.2.0] AndroidManifest.xml:9:5-11:35
23        android:glEsVersion="0x00020000"
23-->[com.mapbox.mapboxsdk:mapbox-android-sdk:9.2.0] AndroidManifest.xml:10:9-41
24        android:required="true" />
24-->[com.mapbox.mapboxsdk:mapbox-android-sdk:9.2.0] AndroidManifest.xml:11:9-32
25    <uses-feature
25-->[com.mapbox.mapboxsdk:mapbox-android-sdk:9.2.0] AndroidManifest.xml:12:5-14:36
26        android:name="android.hardware.wifi"
26-->[com.mapbox.mapboxsdk:mapbox-android-sdk:9.2.0] AndroidManifest.xml:13:9-45
27        android:required="false" />
27-->[com.mapbox.mapboxsdk:mapbox-android-sdk:9.2.0] AndroidManifest.xml:14:9-33
28
29    <uses-permission android:name="android.permission.ACCESS_WIFI_STATE" />
29-->[com.mapbox.mapboxsdk:mapbox-android-sdk:9.2.0] AndroidManifest.xml:18:5-76
29-->[com.mapbox.mapboxsdk:mapbox-android-sdk:9.2.0] AndroidManifest.xml:18:22-73
30
31    <application
31-->src\main\AndroidManifest.xml:10:5-47:19
32        android:allowBackup="true"
32-->src\main\AndroidManifest.xml:11:9-35
33        android:appComponentFactory="androidx.core.app.CoreComponentFactory"
33-->[androidx.core:core:1.3.1] AndroidManifest.xml:24:18-86
34        android:debuggable="true"
35        android:extractNativeLibs="false"
36        android:icon="@drawable/logo"
36-->src\main\AndroidManifest.xml:12:9-38
37        android:label="@string/app_name"
37-->src\main\AndroidManifest.xml:13:9-41
38        android:roundIcon="@mipmap/ic_launcher_round"
38-->src\main\AndroidManifest.xml:14:9-54
39        android:supportsRtl="true"
39-->src\main\AndroidManifest.xml:15:9-35
40        android:theme="@style/AppTheme" >
40-->src\main\AndroidManifest.xml:16:9-40
41        <activity android:name="com.bibliotekUser.ui.profile.ProfileActivity" />
41-->src\main\AndroidManifest.xml:17:9-90
41-->src\main\AndroidManifest.xml:17:19-78
42        <activity android:name="com.bibliotekUser.ui.maps.Maps" />
42-->src\main\AndroidManifest.xml:18:9-67
42-->src\main\AndroidManifest.xml:18:19-64
43        <activity android:name="com.bibliotekUser.ui.LoginRegister.RegisterActivity" />
43-->src\main\AndroidManifest.xml:19:9-88
43-->src\main\AndroidManifest.xml:19:19-85
44        <activity android:name="com.bibliotekUser.ui.LoginRegister.LoginActivity" />
44-->src\main\AndroidManifest.xml:20:9-85
44-->src\main\AndroidManifest.xml:20:19-82
45        <activity
45-->src\main\AndroidManifest.xml:21:9-24:59
46            android:name="com.bibliotekUser.MainActivity"
46-->src\main\AndroidManifest.xml:22:13-58
47            android:label="@string/app_name"
47-->src\main\AndroidManifest.xml:23:13-45
48            android:theme="@style/AppTheme.NoActionBar" />
48-->src\main\AndroidManifest.xml:24:13-56
49        <activity android:name="com.bibliotekUser.ui.splashscreen.SplashScreen" >
49-->src\main\AndroidManifest.xml:25:9-31:20
49-->src\main\AndroidManifest.xml:25:19-80
50            <intent-filter>
50-->src\main\AndroidManifest.xml:26:13-30:29
51                <action android:name="android.intent.action.MAIN" />
51-->src\main\AndroidManifest.xml:27:17-69
51-->src\main\AndroidManifest.xml:27:25-66
52
53                <category android:name="android.intent.category.LAUNCHER" />
53-->src\main\AndroidManifest.xml:29:17-77
53-->src\main\AndroidManifest.xml:29:27-74
54            </intent-filter>
55        </activity>
56
57        <service android:name="com.bibliotekUser.messaging.MessagingService" >
57-->src\main\AndroidManifest.xml:33:9-37:19
57-->src\main\AndroidManifest.xml:33:18-77
58            <intent-filter>
58-->src\main\AndroidManifest.xml:34:13-36:29
59                <action android:name="com.google.firebase.MESSAGING_EVENT" />
59-->src\main\AndroidManifest.xml:35:17-78
59-->src\main\AndroidManifest.xml:35:25-75
60            </intent-filter>
61        </service>
62
63        <provider
63-->src\main\AndroidManifest.xml:38:9-46:20
64            android:name="androidx.core.content.FileProvider"
64-->src\main\AndroidManifest.xml:39:13-62
65            android:authorities="com.bibliotekUser.android.fileprovider"
65-->src\main\AndroidManifest.xml:40:13-73
66            android:exported="false"
66-->src\main\AndroidManifest.xml:41:13-37
67            android:grantUriPermissions="true" >
67-->src\main\AndroidManifest.xml:42:13-47
68            <meta-data
68-->src\main\AndroidManifest.xml:43:13-45:64
69                android:name="android.support.FILE_PROVIDER_PATHS"
69-->src\main\AndroidManifest.xml:44:17-67
70                android:resource="@xml/file_paths" />
70-->src\main\AndroidManifest.xml:45:17-51
71        </provider>
72
73        <activity android:name="com.mapbox.services.android.navigation.ui.v5.MapboxNavigationActivity" />
73-->[com.mapbox.mapboxsdk:mapbox-android-navigation-ui:0.42.6] AndroidManifest.xml:10:9-106
73-->[com.mapbox.mapboxsdk:mapbox-android-navigation-ui:0.42.6] AndroidManifest.xml:10:19-103
74        <activity
74-->[com.mapbox.mapboxsdk:mapbox-android-plugin-places-v9:0.12.0] AndroidManifest.xml:10:9-14:68
75            android:name="com.mapbox.mapboxsdk.plugins.places.autocomplete.ui.PlaceAutocompleteActivity"
75-->[com.mapbox.mapboxsdk:mapbox-android-plugin-places-v9:0.12.0] AndroidManifest.xml:11:13-105
76            android:configChanges="keyboard|keyboardHidden|orientation|screenLayout|uiMode|screenSize|smallestScreenSize"
76-->[com.mapbox.mapboxsdk:mapbox-android-plugin-places-v9:0.12.0] AndroidManifest.xml:12:13-122
77            android:theme="@style/mapbox_plugins_translucent"
77-->[com.mapbox.mapboxsdk:mapbox-android-plugin-places-v9:0.12.0] AndroidManifest.xml:13:13-62
78            android:windowSoftInputMode="stateVisible|adjustPan" />
78-->[com.mapbox.mapboxsdk:mapbox-android-plugin-places-v9:0.12.0] AndroidManifest.xml:14:13-65
79        <activity
79-->[com.mapbox.mapboxsdk:mapbox-android-plugin-places-v9:0.12.0] AndroidManifest.xml:15:9-17:125
80            android:name="com.mapbox.mapboxsdk.plugins.places.picker.ui.PlacePickerActivity"
80-->[com.mapbox.mapboxsdk:mapbox-android-plugin-places-v9:0.12.0] AndroidManifest.xml:16:13-93
81            android:configChanges="keyboard|keyboardHidden|orientation|screenLayout|uiMode|screenSize|smallestScreenSize" />
81-->[com.mapbox.mapboxsdk:mapbox-android-plugin-places-v9:0.12.0] AndroidManifest.xml:17:13-122
82
83        <service android:name="com.mapbox.services.android.navigation.v5.navigation.NavigationService" />
83-->[com.mapbox.mapboxsdk:mapbox-android-navigation:0.42.6] AndroidManifest.xml:14:9-106
83-->[com.mapbox.mapboxsdk:mapbox-android-navigation:0.42.6] AndroidManifest.xml:14:18-103
84
85        <activity
85-->[com.google.firebase:firebase-auth:16.0.5] AndroidManifest.xml:24:9-31:50
86            android:name="com.google.firebase.auth.internal.FederatedSignInActivity"
86-->[com.google.firebase:firebase-auth:16.0.5] AndroidManifest.xml:25:13-85
87            android:excludeFromRecents="true"
87-->[com.google.firebase:firebase-auth:16.0.5] AndroidManifest.xml:26:13-46
88            android:exported="true"
88-->[com.google.firebase:firebase-auth:16.0.5] AndroidManifest.xml:27:13-36
89            android:launchMode="singleTask"
89-->[com.google.firebase:firebase-auth:16.0.5] AndroidManifest.xml:28:13-44
90            android:permission="com.google.firebase.auth.api.gms.permission.LAUNCH_FEDERATED_SIGN_IN"
90-->[com.google.firebase:firebase-auth:16.0.5] AndroidManifest.xml:29:13-102
91            android:theme="@android:style/Theme.Translucent.NoTitleBar" />
91-->[com.google.firebase:firebase-auth:16.0.5] AndroidManifest.xml:30:13-72
92
93        <service
93-->[com.google.firebase:firebase-auth:16.0.5] AndroidManifest.xml:33:9-39:19
94            android:name="com.google.firebase.components.ComponentDiscoveryService"
94-->[com.google.firebase:firebase-auth:16.0.5] AndroidManifest.xml:34:13-84
95            android:exported="false" >
95-->[com.google.firebase:firebase-auth:16.0.5] AndroidManifest.xml:35:13-37
96            <meta-data
96-->[com.google.firebase:firebase-auth:16.0.5] AndroidManifest.xml:36:13-38:85
97                android:name="com.google.firebase.components:com.google.firebase.auth.FirebaseAuthRegistrar"
97-->[com.google.firebase:firebase-auth:16.0.5] AndroidManifest.xml:37:17-109
98                android:value="com.google.firebase.components.ComponentRegistrar" />
98-->[com.google.firebase:firebase-auth:16.0.5] AndroidManifest.xml:38:17-82
99            <meta-data
99-->[com.google.firebase:firebase-iid:17.0.4] AndroidManifest.xml:32:13-34:85
100                android:name="com.google.firebase.components:com.google.firebase.iid.Registrar"
100-->[com.google.firebase:firebase-iid:17.0.4] AndroidManifest.xml:33:17-96
101                android:value="com.google.firebase.components.ComponentRegistrar" />
101-->[com.google.firebase:firebase-iid:17.0.4] AndroidManifest.xml:34:17-82
102        </service>
103        <!--
104             FirebaseMessagingService performs security checks at runtime,
105             no need for explicit permissions despite exported="true"
106        -->
107        <service
107-->[com.google.firebase:firebase-messaging:17.3.4] AndroidManifest.xml:28:9-34:19
108            android:name="com.google.firebase.messaging.FirebaseMessagingService"
108-->[com.google.firebase:firebase-messaging:17.3.4] AndroidManifest.xml:29:13-82
109            android:exported="true" >
109-->[com.google.firebase:firebase-messaging:17.3.4] AndroidManifest.xml:30:13-36
110            <intent-filter android:priority="-500" >
110-->src\main\AndroidManifest.xml:34:13-36:29
111                <action android:name="com.google.firebase.MESSAGING_EVENT" />
111-->src\main\AndroidManifest.xml:35:17-78
111-->src\main\AndroidManifest.xml:35:25-75
112            </intent-filter>
113        </service>
114
115        <receiver
115-->[com.google.firebase:firebase-iid:17.0.4] AndroidManifest.xml:37:9-44:20
116            android:name="com.google.firebase.iid.FirebaseInstanceIdReceiver"
116-->[com.google.firebase:firebase-iid:17.0.4] AndroidManifest.xml:38:13-78
117            android:exported="true"
117-->[com.google.firebase:firebase-iid:17.0.4] AndroidManifest.xml:39:13-36
118            android:permission="com.google.android.c2dm.permission.SEND" >
118-->[com.google.firebase:firebase-iid:17.0.4] AndroidManifest.xml:40:13-73
119            <intent-filter>
119-->[com.google.firebase:firebase-iid:17.0.4] AndroidManifest.xml:41:13-43:29
120                <action android:name="com.google.android.c2dm.intent.RECEIVE" />
120-->[com.google.firebase:firebase-iid:17.0.4] AndroidManifest.xml:42:17-81
120-->[com.google.firebase:firebase-iid:17.0.4] AndroidManifest.xml:42:25-78
121            </intent-filter>
122        </receiver>
123        <!--
124             FirebaseInstanceIdService performs security checks at runtime,
125             no need for explicit permissions despite exported="true"
126        -->
127        <service
127-->[com.google.firebase:firebase-iid:17.0.4] AndroidManifest.xml:50:9-56:19
128            android:name="com.google.firebase.iid.FirebaseInstanceIdService"
128-->[com.google.firebase:firebase-iid:17.0.4] AndroidManifest.xml:51:13-77
129            android:exported="true" >
129-->[com.google.firebase:firebase-iid:17.0.4] AndroidManifest.xml:52:13-36
130            <intent-filter android:priority="-500" >
130-->[com.google.firebase:firebase-iid:17.0.4] AndroidManifest.xml:53:13-55:29
130-->[com.google.firebase:firebase-iid:17.0.4] AndroidManifest.xml:53:28-51
131                <action android:name="com.google.firebase.INSTANCE_ID_EVENT" />
131-->[com.google.firebase:firebase-iid:17.0.4] AndroidManifest.xml:54:17-80
131-->[com.google.firebase:firebase-iid:17.0.4] AndroidManifest.xml:54:25-77
132            </intent-filter>
133        </service>
134
135        <activity
135-->[com.google.android.gms:play-services-base:16.0.1] AndroidManifest.xml:23:9-26:75
136            android:name="com.google.android.gms.common.api.GoogleApiActivity"
136-->[com.google.android.gms:play-services-base:16.0.1] AndroidManifest.xml:24:13-79
137            android:exported="false"
137-->[com.google.android.gms:play-services-base:16.0.1] AndroidManifest.xml:25:13-37
138            android:theme="@android:style/Theme.Translucent.NoTitleBar" />
138-->[com.google.android.gms:play-services-base:16.0.1] AndroidManifest.xml:26:13-72
139
140        <provider
140-->[com.google.firebase:firebase-common:16.0.3] AndroidManifest.xml:10:9-14:39
141            android:name="com.google.firebase.provider.FirebaseInitProvider"
141-->[com.google.firebase:firebase-common:16.0.3] AndroidManifest.xml:11:13-77
142            android:authorities="com.bibliotekUser.firebaseinitprovider"
142-->[com.google.firebase:firebase-common:16.0.3] AndroidManifest.xml:12:13-72
143            android:exported="false"
143-->[com.google.firebase:firebase-common:16.0.3] AndroidManifest.xml:13:13-37
144            android:initOrder="100" />
144-->[com.google.firebase:firebase-common:16.0.3] AndroidManifest.xml:14:13-36
145
146        <meta-data
146-->[com.google.android.gms:play-services-basement:16.1.0] AndroidManifest.xml:23:9-25:69
147            android:name="com.google.android.gms.version"
147-->[com.google.android.gms:play-services-basement:16.1.0] AndroidManifest.xml:24:13-58
148            android:value="@integer/google_play_services_version" />
148-->[com.google.android.gms:play-services-basement:16.1.0] AndroidManifest.xml:25:13-66
149
150        <provider
150-->[com.squareup.picasso:picasso:2.71828] AndroidManifest.xml:8:9-11:40
151            android:name="com.squareup.picasso.PicassoProvider"
151-->[com.squareup.picasso:picasso:2.71828] AndroidManifest.xml:9:13-64
152            android:authorities="com.bibliotekUser.com.squareup.picasso"
152-->[com.squareup.picasso:picasso:2.71828] AndroidManifest.xml:10:13-72
153            android:exported="false" />
153-->[com.squareup.picasso:picasso:2.71828] AndroidManifest.xml:11:13-37
154
155        <service
155-->[androidx.room:room-runtime:2.2.5] AndroidManifest.xml:25:9-28:40
156            android:name="androidx.room.MultiInstanceInvalidationService"
156-->[androidx.room:room-runtime:2.2.5] AndroidManifest.xml:26:13-74
157            android:directBootAware="true"
157-->[androidx.room:room-runtime:2.2.5] AndroidManifest.xml:27:13-43
158            android:exported="false" />
158-->[androidx.room:room-runtime:2.2.5] AndroidManifest.xml:28:13-37
159
160        <provider
160-->[com.mapbox.mapboxsdk:mapbox-android-telemetry:5.0.1] AndroidManifest.xml:18:9-22:39
161            android:name="com.mapbox.android.telemetry.provider.MapboxTelemetryInitProvider"
161-->[com.mapbox.mapboxsdk:mapbox-android-telemetry:5.0.1] AndroidManifest.xml:19:13-93
162            android:authorities="com.bibliotekUser.mapboxtelemetryinitprovider"
162-->[com.mapbox.mapboxsdk:mapbox-android-telemetry:5.0.1] AndroidManifest.xml:20:13-79
163            android:exported="false"
163-->[com.mapbox.mapboxsdk:mapbox-android-telemetry:5.0.1] AndroidManifest.xml:21:13-37
164            android:initOrder="100" />
164-->[com.mapbox.mapboxsdk:mapbox-android-telemetry:5.0.1] AndroidManifest.xml:22:13-36
165
166        <service
166-->[com.mapbox.mapboxsdk:mapbox-android-telemetry:5.0.1] AndroidManifest.xml:24:9-26:72
167            android:name="com.mapbox.android.telemetry.errors.ErrorReporterJobIntentService"
167-->[com.mapbox.mapboxsdk:mapbox-android-telemetry:5.0.1] AndroidManifest.xml:25:13-93
168            android:permission="android.permission.BIND_JOB_SERVICE" />
168-->[com.mapbox.mapboxsdk:mapbox-android-telemetry:5.0.1] AndroidManifest.xml:26:13-69
169
170        <provider
170-->[androidx.lifecycle:lifecycle-process:2.2.0] AndroidManifest.xml:25:9-29:43
171            android:name="androidx.lifecycle.ProcessLifecycleOwnerInitializer"
171-->[androidx.lifecycle:lifecycle-process:2.2.0] AndroidManifest.xml:26:13-79
172            android:authorities="com.bibliotekUser.lifecycle-process"
172-->[androidx.lifecycle:lifecycle-process:2.2.0] AndroidManifest.xml:27:13-69
173            android:exported="false"
173-->[androidx.lifecycle:lifecycle-process:2.2.0] AndroidManifest.xml:28:13-37
174            android:multiprocess="true" />
174-->[androidx.lifecycle:lifecycle-process:2.2.0] AndroidManifest.xml:29:13-40
175    </application>
176
177</manifest>